2025-10-08 13:01:31,022 - INFO - Testing NAIP endpoint: https://naip.arcgis.com/arcgis/rest/services/NAIP/ImageServer?f=json
2025-10-08 13:01:31,544 - INFO - NAIP endpoint SUCCESS - Status: 200
2025-10-08 15:48:12,958 - INFO - Testing NAIP endpoint: https://naip.arcgis.com/arcgis/rest/services/NAIP/ImageServer?f=json
2025-10-08 15:48:13,559 - INFO - NAIP endpoint SUCCESS - Status: 200
2025-10-08 15:48:13,561 - INFO - Testing Esri World Imagery endpoint: https://server.arcgisonline.com/ArcGIS/rest/services/World_Imagery/MapServer?f=json
2025-10-08 15:48:13,923 - INFO - Esri World Imagery endpoint SUCCESS - Status: 200
2025-10-08 15:48:13,933 - INFO - Testing Google Satellite endpoint: https://mt1.google.com/vt/lyrs=s&x=0&y=0&z=0
2025-10-08 15:48:14,179 - INFO - Google Satellite endpoint SUCCESS - Status: 200
2025-10-08 15:48:14,179 - INFO - Testing Esri Clarity endpoint: https://clarity.maptiles.arcgis.com/arcgis/rest/services/World_Imagery/MapServer?f=json
2025-10-08 15:48:14,851 - INFO - Esri Clarity endpoint SUCCESS - Status: 200
2025-10-08 15:48:14,858 - INFO - Loading basemap: Esri World Imagery
2025-10-08 15:48:14,862 - INFO - Basemap Esri World Imagery loaded successfully
2025-10-08 15:48:16,480 - INFO - Loading basemap: Esri World Imagery
2025-10-08 15:48:16,490 - INFO - Basemap Esri World Imagery loaded successfully
2025-10-08 15:48:16,743 - INFO - Loading basemap: Esri World Imagery
2025-10-08 15:48:16,746 - INFO - Basemap Esri World Imagery loaded successfully
2025-10-08 15:48:18,656 - INFO - Loading basemap: Esri World Imagery
2025-10-08 15:48:18,661 - INFO - Basemap Esri World Imagery loaded successfully
2025-10-08 15:48:19,707 - INFO - Loading basemap: Esri World Imagery
2025-10-08 15:48:19,713 - INFO - Basemap Esri World Imagery loaded successfully
2025-10-08 15:48:29,498 - INFO - Loading basemap: Esri World Imagery
2025-10-08 15:48:29,503 - INFO - Basemap Esri World Imagery loaded successfully
2025-10-08 15:48:31,254 - INFO - Loading basemap: Esri World Imagery
2025-10-08 15:48:31,259 - INFO - Basemap Esri World Imagery loaded successfully
2025-10-08 15:48:31,522 - INFO - Loading basemap: Esri World Imagery
2025-10-08 15:48:31,527 - INFO - Basemap Esri World Imagery loaded successfully
2025-10-08 15:48:33,477 - INFO - Loading basemap: Esri World Imagery
2025-10-08 15:48:33,480 - INFO - Basemap Esri World Imagery loaded successfully
2025-10-08 15:50:42,027 - INFO - Testing NAIP endpoint: https://naip.arcgis.com/arcgis/rest/services/NAIP/ImageServer?f=json
2025-10-08 15:50:42,684 - INFO - NAIP endpoint SUCCESS - Status: 200
2025-10-08 15:50:42,687 - INFO - Testing Esri World Imagery endpoint: https://server.arcgisonline.com/ArcGIS/rest/services/World_Imagery/MapServer?f=json
2025-10-08 15:50:43,012 - INFO - Esri World Imagery endpoint SUCCESS - Status: 200
2025-10-08 15:50:43,013 - INFO - Testing Google Satellite endpoint: https://mt1.google.com/vt/lyrs=s&x=0&y=0&z=0
2025-10-08 15:50:43,236 - INFO - Google Satellite endpoint SUCCESS - Status: 200
2025-10-08 15:50:43,237 - INFO - Testing Esri Clarity endpoint: https://clarity.maptiles.arcgis.com/arcgis/rest/services/World_Imagery/MapServer?f=json
2025-10-08 15:50:43,814 - INFO - Esri Clarity endpoint SUCCESS - Status: 200
2025-10-08 15:50:43,821 - INFO - Loading basemap: Esri World Imagery
2025-10-08 15:50:43,823 - INFO - Basemap Esri World Imagery loaded successfully
2025-10-08 15:50:45,537 - INFO - Loading basemap: Esri World Imagery
2025-10-08 15:50:45,540 - INFO - Basemap Esri World Imagery loaded successfully
2025-10-08 15:50:46,154 - INFO - Loading basemap: Esri World Imagery
2025-10-08 15:50:46,159 - INFO - Basemap Esri World Imagery loaded successfully
2025-10-08 15:50:52,370 - INFO - Loading basemap: Esri World Imagery
2025-10-08 15:50:52,376 - INFO - Basemap Esri World Imagery loaded successfully
2025-10-08 15:50:54,022 - INFO - Loading basemap: Esri World Imagery
2025-10-08 15:50:54,027 - INFO - Basemap Esri World Imagery loaded successfully
2025-10-08 15:50:55,318 - INFO - Loading basemap: Esri World Imagery
2025-10-08 15:50:55,323 - INFO - Basemap Esri World Imagery loaded successfully
2025-10-08 15:50:56,591 - INFO - Loading basemap: Esri World Imagery
2025-10-08 15:50:56,593 - INFO - Basemap Esri World Imagery loaded successfully
2025-10-08 15:50:58,223 - INFO - Loading basemap: Esri World Imagery
2025-10-08 15:50:58,229 - INFO - Basemap Esri World Imagery loaded successfully
2025-10-08 15:50:58,490 - INFO - Loading basemap: Esri World Imagery
2025-10-08 15:50:58,493 - INFO - Basemap Esri World Imagery loaded successfully
2025-10-08 15:51:10,447 - INFO - Loading basemap: Esri World Imagery
2025-10-08 15:51:10,450 - INFO - Basemap Esri World Imagery loaded successfully
2025-10-08 15:51:11,365 - INFO - Loading basemap: Esri World Imagery
2025-10-08 15:51:11,370 - INFO - Basemap Esri World Imagery loaded successfully
2025-10-08 15:51:15,088 - INFO - Loading basemap: Esri World Imagery
2025-10-08 15:51:15,093 - INFO - Basemap Esri World Imagery loaded successfully
2025-10-08 15:51:43,006 - INFO - Loading basemap: Esri World Imagery
2025-10-08 15:51:43,013 - INFO - Basemap Esri World Imagery loaded successfully
2025-10-08 15:51:44,026 - INFO - Loading basemap: Esri World Imagery
2025-10-08 15:51:44,032 - INFO - Basemap Esri World Imagery loaded successfully
2025-10-08 15:51:45,336 - INFO - Loading basemap: Esri World Imagery
2025-10-08 15:51:45,339 - INFO - Basemap Esri World Imagery loaded successfully
2025-10-08 15:51:48,636 - INFO - Loading basemap: Esri World Imagery
2025-10-08 15:51:48,641 - INFO - Basemap Esri World Imagery loaded successfully
2025-10-08 15:51:49,642 - INFO - Loading basemap: Esri World Imagery
2025-10-08 15:51:49,648 - INFO - Basemap Esri World Imagery loaded successfully
2025-10-08 15:51:50,604 - INFO - Loading basemap: Esri World Imagery
2025-10-08 15:51:50,610 - INFO - Basemap Esri World Imagery loaded successfully
2025-10-08 15:51:53,539 - INFO - Loading basemap: Esri World Imagery
2025-10-08 15:51:53,542 - INFO - Basemap Esri World Imagery loaded successfully
2025-10-08 15:51:54,837 - INFO - Loading basemap: Esri World Imagery
2025-10-08 15:51:54,844 - INFO - Basemap Esri World Imagery loaded successfully
2025-10-08 15:51:56,324 - INFO - Loading basemap: Esri World Imagery
2025-10-08 15:51:56,328 - INFO - Basemap Esri World Imagery loaded successfully
2025-10-08 15:51:56,931 - INFO - Loading basemap: Esri World Imagery
2025-10-08 15:51:56,935 - INFO - Basemap Esri World Imagery loaded successfully
2025-10-08 15:51:57,560 - INFO - Loading basemap: Esri World Imagery
2025-10-08 15:51:57,566 - INFO - Basemap Esri World Imagery loaded successfully
2025-10-08 15:52:01,875 - INFO - Loading basemap: Esri World Imagery
2025-10-08 15:52:01,881 - INFO - Basemap Esri World Imagery loaded successfully
2025-10-08 15:52:08,767 - INFO - Testing NAIP endpoint: https://naip.arcgis.com/arcgis/rest/services/NAIP/ImageServer?f=json
2025-10-08 15:52:09,337 - INFO - NAIP endpoint SUCCESS - Status: 200
2025-10-08 15:52:09,339 - INFO - Testing Esri World Imagery endpoint: https://server.arcgisonline.com/ArcGIS/rest/services/World_Imagery/MapServer?f=json
2025-10-08 15:52:09,671 - INFO - Esri World Imagery endpoint SUCCESS - Status: 200
2025-10-08 15:52:09,672 - INFO - Testing Google Satellite endpoint: https://mt1.google.com/vt/lyrs=s&x=0&y=0&z=0
2025-10-08 15:52:09,955 - INFO - Google Satellite endpoint SUCCESS - Status: 200
2025-10-08 15:52:09,956 - INFO - Testing Esri Clarity endpoint: https://clarity.maptiles.arcgis.com/arcgis/rest/services/World_Imagery/MapServer?f=json
2025-10-08 15:52:10,334 - INFO - Esri Clarity endpoint SUCCESS - Status: 200
2025-10-08 15:52:10,340 - INFO - Loading basemap: Esri World Imagery
2025-10-08 15:52:10,342 - INFO - Basemap Esri World Imagery loaded successfully
2025-10-08 15:52:11,646 - INFO - Loading basemap: Esri World Imagery
2025-10-08 15:52:11,649 - INFO - Basemap Esri World Imagery loaded successfully
2025-10-08 15:52:11,854 - INFO - Loading basemap: Esri World Imagery
2025-10-08 15:52:11,861 - INFO - Basemap Esri World Imagery loaded successfully
2025-10-08 15:52:19,691 - INFO - Loading basemap: Esri World Imagery
2025-10-08 15:52:19,694 - INFO - Basemap Esri World Imagery loaded successfully
2025-10-08 15:52:21,779 - INFO - Loading basemap: Esri World Imagery
2025-10-08 15:52:21,784 - INFO - Basemap Esri World Imagery loaded successfully
2025-10-08 15:52:22,773 - INFO - Loading basemap: Esri World Imagery
2025-10-08 15:52:22,779 - INFO - Basemap Esri World Imagery loaded successfully
2025-10-08 15:52:23,884 - INFO - Loading basemap: Esri World Imagery
2025-10-08 15:52:23,890 - INFO - Basemap Esri World Imagery loaded successfully
2025-10-08 15:52:25,345 - INFO - Loading basemap: Esri World Imagery
2025-10-08 15:52:25,352 - INFO - Basemap Esri World Imagery loaded successfully
2025-10-08 15:52:26,697 - INFO - Loading basemap: Esri World Imagery
2025-10-08 15:52:26,703 - INFO - Basemap Esri World Imagery loaded successfully
2025-10-08 15:52:28,629 - INFO - Loading basemap: Esri World Imagery
2025-10-08 15:52:28,635 - INFO - Basemap Esri World Imagery loaded successfully
2025-10-08 15:52:32,942 - INFO - Loading basemap: Esri World Imagery
2025-10-08 15:52:32,947 - INFO - Basemap Esri World Imagery loaded successfully
2025-10-08 15:52:37,908 - INFO - Loading basemap: Esri World Imagery
2025-10-08 15:52:37,913 - INFO - Basemap Esri World Imagery loaded successfully
2025-10-08 15:52:41,435 - INFO - Loading basemap: Esri World Imagery
2025-10-08 15:52:41,438 - INFO - Basemap Esri World Imagery loaded successfully
2025-10-08 15:52:55,513 - INFO - Loading basemap: Esri World Imagery
2025-10-08 15:52:55,518 - INFO - Basemap Esri World Imagery loaded successfully
2025-10-08 15:52:56,116 - INFO - Loading basemap: Esri World Imagery
2025-10-08 15:52:56,124 - INFO - Basemap Esri World Imagery loaded successfully
2025-10-08 15:52:57,508 - INFO - Loading basemap: Esri World Imagery
2025-10-08 15:52:57,514 - INFO - Basemap Esri World Imagery loaded successfully
2025-10-08 15:52:58,553 - INFO - Loading basemap: Esri World Imagery
2025-10-08 15:52:58,559 - INFO - Basemap Esri World Imagery loaded successfully
2025-10-08 15:52:59,806 - INFO - Loading basemap: Esri World Imagery
2025-10-08 15:52:59,812 - INFO - Basemap Esri World Imagery loaded successfully
2025-10-08 15:53:00,434 - INFO - Loading basemap: Esri World Imagery
2025-10-08 15:53:00,439 - INFO - Basemap Esri World Imagery loaded successfully
2025-10-08 15:53:02,384 - INFO - Loading basemap: Esri World Imagery
2025-10-08 15:53:02,390 - INFO - Basemap Esri World Imagery loaded successfully
2025-10-08 15:53:53,742 - INFO - Testing NAIP endpoint: https://naip.arcgis.com/arcgis/rest/services/NAIP/ImageServer?f=json
2025-10-08 15:53:54,289 - INFO - NAIP endpoint SUCCESS - Status: 200
2025-10-08 15:53:54,291 - INFO - Testing Esri World Imagery endpoint: https://server.arcgisonline.com/ArcGIS/rest/services/World_Imagery/MapServer?f=json
2025-10-08 15:53:54,648 - INFO - Esri World Imagery endpoint SUCCESS - Status: 200
2025-10-08 15:53:54,648 - INFO - Testing Google Satellite endpoint: https://mt1.google.com/vt/lyrs=s&x=0&y=0&z=0
2025-10-08 15:53:54,841 - INFO - Google Satellite endpoint SUCCESS - Status: 200
2025-10-08 15:53:54,842 - INFO - Testing Esri Clarity endpoint: https://clarity.maptiles.arcgis.com/arcgis/rest/services/World_Imagery/MapServer?f=json
2025-10-08 15:53:55,444 - INFO - Esri Clarity endpoint SUCCESS - Status: 200
2025-10-08 15:53:55,449 - INFO - Loading basemap: Esri World Imagery
2025-10-08 15:53:55,452 - INFO - Basemap Esri World Imagery loaded successfully
2025-10-08 15:53:56,803 - INFO - Loading basemap: Esri World Imagery
2025-10-08 15:53:56,810 - INFO - Basemap Esri World Imagery loaded successfully
2025-10-08 15:53:57,019 - INFO - Loading basemap: Esri World Imagery
2025-10-08 15:53:57,023 - INFO - Basemap Esri World Imagery loaded successfully
2025-10-08 15:53:58,656 - INFO - Loading basemap: Esri World Imagery
2025-10-08 15:53:58,662 - INFO - Basemap Esri World Imagery loaded successfully
2025-10-08 15:53:59,145 - INFO - Loading basemap: Esri World Imagery
2025-10-08 15:53:59,151 - INFO - Basemap Esri World Imagery loaded successfully
2025-10-08 15:54:00,045 - INFO - Loading basemap: Esri World Imagery
2025-10-08 15:54:00,053 - INFO - Basemap Esri World Imagery loaded successfully
2025-10-08 15:54:01,245 - INFO - Loading basemap: Esri World Imagery
2025-10-08 15:54:01,247 - INFO - Basemap Esri World Imagery loaded successfully
2025-10-08 15:54:02,333 - INFO - Loading basemap: Esri World Imagery
2025-10-08 15:54:02,339 - INFO - Basemap Esri World Imagery loaded successfully
2025-10-08 15:54:03,362 - INFO - Loading basemap: Esri World Imagery
2025-10-08 15:54:03,368 - INFO - Basemap Esri World Imagery loaded successfully
2025-10-08 15:54:04,466 - INFO - Loading basemap: Esri World Imagery
2025-10-08 15:54:04,472 - INFO - Basemap Esri World Imagery loaded successfully
2025-10-08 15:54:08,316 - INFO - Loading basemap: Esri World Imagery
2025-10-08 15:54:08,321 - INFO - Basemap Esri World Imagery loaded successfully
2025-10-08 15:54:11,783 - INFO - Loading basemap: Esri World Imagery
2025-10-08 15:54:11,789 - INFO - Basemap Esri World Imagery loaded successfully
2025-10-08 15:54:16,267 - INFO - Loading basemap: Esri World Imagery
2025-10-08 15:54:16,273 - INFO - Basemap Esri World Imagery loaded successfully
2025-10-08 15:54:16,874 - INFO - Loading basemap: Esri World Imagery
2025-10-08 15:54:16,878 - INFO - Basemap Esri World Imagery loaded successfully
2025-10-08 15:54:19,343 - INFO - Loading basemap: Esri World Imagery
2025-10-08 15:54:19,346 - INFO - Basemap Esri World Imagery loaded successfully
2025-10-08 15:54:19,909 - INFO - Loading basemap: Esri World Imagery
2025-10-08 15:54:19,914 - INFO - Basemap Esri World Imagery loaded successfully
2025-10-08 15:54:20,386 - INFO - Loading basemap: Esri World Imagery
2025-10-08 15:54:20,392 - INFO - Basemap Esri World Imagery loaded successfully
2025-10-08 15:54:20,861 - INFO - Loading basemap: Esri World Imagery
2025-10-08 15:54:20,867 - INFO - Basemap Esri World Imagery loaded successfully
2025-10-08 15:54:21,493 - INFO - Loading basemap: Esri World Imagery
2025-10-08 15:54:21,501 - INFO - Basemap Esri World Imagery loaded successfully
2025-10-08 15:54:23,081 - INFO - Loading basemap: Esri World Imagery
2025-10-08 15:54:23,086 - INFO - Basemap Esri World Imagery loaded successfully
2025-10-08 15:54:23,908 - INFO - Loading basemap: Esri World Imagery
2025-10-08 15:54:23,913 - INFO - Basemap Esri World Imagery loaded successfully
2025-10-08 15:54:24,488 - INFO - Loading basemap: Esri World Imagery
2025-10-08 15:54:24,494 - INFO - Basemap Esri World Imagery loaded successfully
2025-10-08 15:54:32,369 - INFO - Loading basemap: Google Satellite
2025-10-08 15:54:32,375 - INFO - Basemap Google Satellite loaded successfully
2025-10-08 15:54:32,953 - INFO - Loading basemap: Google Satellite
2025-10-08 15:54:32,959 - INFO - Basemap Google Satellite loaded successfully
2025-10-08 15:54:34,824 - INFO - Loading basemap: Google Satellite
2025-10-08 15:54:34,829 - INFO - Basemap Google Satellite loaded successfully
2025-10-08 15:54:35,420 - INFO - Loading basemap: Google Satellite
2025-10-08 15:54:35,426 - INFO - Basemap Google Satellite loaded successfully
2025-10-08 15:54:37,057 - INFO - Loading basemap: Google Satellite
2025-10-08 15:54:37,062 - INFO - Basemap Google Satellite loaded successfully
2025-10-08 15:54:38,451 - INFO - Loading basemap: Google Satellite
2025-10-08 15:54:38,457 - INFO - Basemap Google Satellite loaded successfully
2025-10-08 15:54:40,281 - INFO - Loading basemap: Google Satellite
2025-10-08 15:54:40,286 - INFO - Basemap Google Satellite loaded successfully
2025-10-08 15:54:52,661 - INFO - Loading basemap: Google Satellite
2025-10-08 15:54:52,667 - INFO - Basemap Google Satellite loaded successfully
2025-10-08 15:54:58,751 - INFO - Loading basemap: Google Satellite
2025-10-08 15:54:58,757 - INFO - Basemap Google Satellite loaded successfully
2025-10-08 15:55:06,123 - INFO - Loading basemap: Google Satellite
2025-10-08 15:55:06,128 - INFO - Basemap Google Satellite loaded successfully
2025-10-08 15:55:06,709 - INFO - Loading basemap: Google Satellite
2025-10-08 15:55:06,714 - INFO - Basemap Google Satellite loaded successfully
2025-10-08 15:55:08,385 - INFO - Loading basemap: Google Satellite
2025-10-08 15:55:08,390 - INFO - Basemap Google Satellite loaded successfully
2025-10-08 15:55:09,118 - INFO - Loading basemap: Google Satellite
2025-10-08 15:55:09,123 - INFO - Basemap Google Satellite loaded successfully
2025-10-08 15:55:11,324 - INFO - Loading basemap: Google Satellite
2025-10-08 15:55:11,326 - INFO - Basemap Google Satellite loaded successfully
2025-10-08 15:55:11,742 - INFO - Loading basemap: Google Satellite
2025-10-08 15:55:11,747 - INFO - Basemap Google Satellite loaded successfully
2025-10-08 15:55:12,290 - INFO - Loading basemap: Google Satellite
2025-10-08 15:55:12,295 - INFO - Basemap Google Satellite loaded successfully
2025-10-08 15:55:12,923 - INFO - Loading basemap: Google Satellite
2025-10-08 15:55:12,925 - INFO - Basemap Google Satellite loaded successfully
2025-10-08 15:55:16,657 - INFO - Loading basemap: Google Satellite
2025-10-08 15:55:16,662 - INFO - Basemap Google Satellite loaded successfully
2025-10-08 15:55:17,443 - INFO - Loading basemap: Google Satellite
2025-10-08 15:55:17,449 - INFO - Basemap Google Satellite loaded successfully
2025-10-08 15:56:08,853 - INFO - Testing NAIP endpoint: https://naip.arcgis.com/arcgis/rest/services/NAIP/ImageServer?f=json
2025-10-08 15:56:09,409 - INFO - NAIP endpoint SUCCESS - Status: 200
2025-10-08 15:56:09,411 - INFO - Testing Esri World Imagery endpoint: https://server.arcgisonline.com/ArcGIS/rest/services/World_Imagery/MapServer?f=json
2025-10-08 15:56:09,761 - INFO - Esri World Imagery endpoint SUCCESS - Status: 200
2025-10-08 15:56:09,762 - INFO - Testing Google Satellite endpoint: https://mt1.google.com/vt/lyrs=s&x=0&y=0&z=0
2025-10-08 15:56:09,997 - INFO - Google Satellite endpoint SUCCESS - Status: 200
2025-10-08 15:56:09,998 - INFO - Testing Esri Clarity endpoint: https://clarity.maptiles.arcgis.com/arcgis/rest/services/World_Imagery/MapServer?f=json
2025-10-08 15:56:10,333 - INFO - Esri Clarity endpoint SUCCESS - Status: 200
2025-10-08 15:56:10,340 - INFO - Loading basemap: Esri World Imagery
2025-10-08 15:56:10,342 - INFO - Basemap Esri World Imagery loaded successfully
2025-10-08 15:56:11,659 - INFO - Loading basemap: Esri World Imagery
2025-10-08 15:56:11,664 - INFO - Basemap Esri World Imagery loaded successfully
2025-10-08 15:56:11,866 - INFO - Loading basemap: Esri World Imagery
2025-10-08 15:56:11,875 - INFO - Basemap Esri World Imagery loaded successfully
2025-10-08 15:56:13,270 - INFO - Loading basemap: Esri World Imagery
2025-10-08 15:56:13,272 - INFO - Basemap Esri World Imagery loaded successfully
2025-10-08 15:56:13,865 - INFO - Loading basemap: Esri World Imagery
2025-10-08 15:56:13,868 - INFO - Basemap Esri World Imagery loaded successfully
2025-10-08 15:56:16,445 - INFO - Loading basemap: Esri World Imagery
2025-10-08 15:56:16,451 - INFO - Basemap Esri World Imagery loaded successfully
2025-10-08 15:56:17,197 - INFO - Loading basemap: Esri World Imagery
2025-10-08 15:56:17,203 - INFO - Basemap Esri World Imagery loaded successfully
2025-10-08 15:56:20,871 - INFO - Loading basemap: Esri World Imagery
2025-10-08 15:56:20,875 - INFO - Basemap Esri World Imagery loaded successfully
2025-10-08 15:56:26,902 - INFO - Testing NAIP endpoint: https://naip.arcgis.com/arcgis/rest/services/NAIP/ImageServer?f=json
2025-10-08 15:56:27,347 - INFO - NAIP endpoint SUCCESS - Status: 200
2025-10-08 15:56:27,349 - INFO - Testing Esri World Imagery endpoint: https://server.arcgisonline.com/ArcGIS/rest/services/World_Imagery/MapServer?f=json
2025-10-08 15:56:27,643 - INFO - Esri World Imagery endpoint SUCCESS - Status: 200
2025-10-08 15:56:27,644 - INFO - Testing Google Satellite endpoint: https://mt1.google.com/vt/lyrs=s&x=0&y=0&z=0
2025-10-08 15:56:27,812 - INFO - Google Satellite endpoint SUCCESS - Status: 200
2025-10-08 15:56:27,813 - INFO - Testing Esri Clarity endpoint: https://clarity.maptiles.arcgis.com/arcgis/rest/services/World_Imagery/MapServer?f=json
2025-10-08 15:56:28,192 - INFO - Esri Clarity endpoint SUCCESS - Status: 200
2025-10-08 15:56:28,198 - INFO - Loading basemap: Esri World Imagery
2025-10-08 15:56:28,201 - INFO - Basemap Esri World Imagery loaded successfully
2025-10-08 15:56:29,521 - INFO - Loading basemap: Esri World Imagery
2025-10-08 15:56:29,526 - INFO - Basemap Esri World Imagery loaded successfully
2025-10-08 15:56:29,707 - INFO - Loading basemap: Esri World Imagery
2025-10-08 15:56:29,711 - INFO - Basemap Esri World Imagery loaded successfully
2025-10-08 15:57:13,039 - INFO - Testing NAIP endpoint: https://naip.arcgis.com/arcgis/rest/services/NAIP/ImageServer?f=json
2025-10-08 15:57:13,590 - INFO - NAIP endpoint SUCCESS - Status: 200
2025-10-08 15:57:13,592 - INFO - Testing Esri World Imagery endpoint: https://server.arcgisonline.com/ArcGIS/rest/services/World_Imagery/MapServer?f=json
2025-10-08 15:57:13,891 - INFO - Esri World Imagery endpoint SUCCESS - Status: 200
2025-10-08 15:57:13,892 - INFO - Testing Google Satellite endpoint: https://mt1.google.com/vt/lyrs=s&x=0&y=0&z=0
2025-10-08 15:57:14,108 - INFO - Google Satellite endpoint SUCCESS - Status: 200
2025-10-08 15:57:14,109 - INFO - Testing Esri Clarity endpoint: https://clarity.maptiles.arcgis.com/arcgis/rest/services/World_Imagery/MapServer?f=json
2025-10-08 15:57:14,803 - INFO - Esri Clarity endpoint SUCCESS - Status: 200
2025-10-08 15:57:14,809 - INFO - Loading basemap: Esri World Imagery
2025-10-08 15:57:14,812 - INFO - Basemap Esri World Imagery loaded successfully
2025-10-08 15:57:16,234 - INFO - Loading basemap: Esri World Imagery
2025-10-08 15:57:16,239 - INFO - Basemap Esri World Imagery loaded successfully
2025-10-08 15:57:16,488 - INFO - Loading basemap: Esri World Imagery
2025-10-08 15:57:16,493 - INFO - Basemap Esri World Imagery loaded successfully
2025-10-08 15:57:18,189 - INFO - Loading basemap: Esri World Imagery
2025-10-08 15:57:18,196 - INFO - Basemap Esri World Imagery loaded successfully
2025-10-08 15:57:19,307 - INFO - Loading basemap: Esri World Imagery
2025-10-08 15:57:19,312 - INFO - Basemap Esri World Imagery loaded successfully
2025-10-08 15:57:20,120 - INFO - Loading basemap: Esri World Imagery
2025-10-08 15:57:20,126 - INFO - Basemap Esri World Imagery loaded successfully
2025-10-08 15:57:22,134 - INFO - Loading basemap: Esri World Imagery
2025-10-08 15:57:22,139 - INFO - Basemap Esri World Imagery loaded successfully
2025-10-08 15:57:23,252 - INFO - Loading basemap: Esri World Imagery
2025-10-08 15:57:23,258 - INFO - Basemap Esri World Imagery loaded successfully
2025-10-08 15:57:26,939 - INFO - Loading basemap: Esri World Imagery
2025-10-08 15:57:26,941 - INFO - Basemap Esri World Imagery loaded successfully
2025-10-08 15:57:30,752 - INFO - Loading basemap: Esri World Imagery
2025-10-08 15:57:30,758 - INFO - Basemap Esri World Imagery loaded successfully
2025-10-08 15:57:37,786 - INFO - Loading basemap: Esri World Imagery
2025-10-08 15:57:37,792 - INFO - Basemap Esri World Imagery loaded successfully
2025-10-08 15:57:38,237 - INFO - Loading basemap: Esri World Imagery
2025-10-08 15:57:38,240 - INFO - Basemap Esri World Imagery loaded successfully
2025-10-08 15:57:46,137 - INFO - Loading basemap: Esri World Imagery
2025-10-08 15:57:46,142 - INFO - Basemap Esri World Imagery loaded successfully
2025-10-08 15:57:47,324 - INFO - Loading basemap: Esri World Imagery
2025-10-08 15:57:47,331 - INFO - Basemap Esri World Imagery loaded successfully
2025-10-08 15:57:48,628 - INFO - Loading basemap: Esri World Imagery
2025-10-08 15:57:48,634 - INFO - Basemap Esri World Imagery loaded successfully
2025-10-08 15:57:51,847 - INFO - Loading basemap: Esri World Imagery
2025-10-08 15:57:51,851 - INFO - Basemap Esri World Imagery loaded successfully
2025-10-08 15:58:21,744 - INFO - Loading basemap: Esri World Imagery
2025-10-08 15:58:21,751 - INFO - Basemap Esri World Imagery loaded successfully
2025-10-08 15:58:22,285 - INFO - Loading basemap: Esri World Imagery
2025-10-08 15:58:22,291 - INFO - Basemap Esri World Imagery loaded successfully
2025-10-08 15:58:23,917 - INFO - Loading basemap: Esri World Imagery
2025-10-08 15:58:23,923 - INFO - Basemap Esri World Imagery loaded successfully
2025-10-08 15:58:24,484 - INFO - Loading basemap: Esri World Imagery
2025-10-08 15:58:24,490 - INFO - Basemap Esri World Imagery loaded successfully
2025-10-08 15:58:25,168 - INFO - Loading basemap: Esri World Imagery
2025-10-08 15:58:25,173 - INFO - Basemap Esri World Imagery loaded successfully
2025-10-08 15:58:25,985 - INFO - Loading basemap: Esri World Imagery
2025-10-08 15:58:25,990 - INFO - Basemap Esri World Imagery loaded successfully
2025-10-08 15:58:26,795 - INFO - Loading basemap: Esri World Imagery
2025-10-08 15:58:26,798 - INFO - Basemap Esri World Imagery loaded successfully
2025-10-08 15:58:28,431 - INFO - Loading basemap: Esri World Imagery
2025-10-08 15:58:28,436 - INFO - Basemap Esri World Imagery loaded successfully
2025-10-08 15:58:32,143 - INFO - Loading basemap: Esri World Imagery
2025-10-08 15:58:32,149 - INFO - Basemap Esri World Imagery loaded successfully
2025-10-08 15:58:32,835 - INFO - Loading basemap: Esri World Imagery
2025-10-08 15:58:32,839 - INFO - Basemap Esri World Imagery loaded successfully
2025-10-08 15:58:40,786 - INFO - Loading basemap: Esri World Imagery
2025-10-08 15:58:40,791 - INFO - Basemap Esri World Imagery loaded successfully
2025-10-08 15:58:41,412 - INFO - Loading basemap: Esri World Imagery
2025-10-08 15:58:41,414 - INFO - Basemap Esri World Imagery loaded successfully
2025-10-08 15:59:50,924 - INFO - Loading basemap: Esri Clarity (High-Res)
2025-10-08 15:59:50,930 - INFO - Basemap Esri Clarity (High-Res) loaded successfully
2025-10-08 15:59:51,450 - INFO - Loading basemap: Esri Clarity (High-Res)
2025-10-08 15:59:51,456 - INFO - Basemap Esri Clarity (High-Res) loaded successfully
2025-10-08 15:59:53,793 - INFO - Loading basemap: Esri Clarity (High-Res)
2025-10-08 15:59:53,797 - INFO - Basemap Esri Clarity (High-Res) loaded successfully
2025-10-08 15:59:54,253 - INFO - Loading basemap: Esri Clarity (High-Res)
2025-10-08 15:59:54,258 - INFO - Basemap Esri Clarity (High-Res) loaded successfully
2025-10-08 15:59:55,060 - INFO - Loading basemap: Esri Clarity (High-Res)
2025-10-08 15:59:55,063 - INFO - Basemap Esri Clarity (High-Res) loaded successfully
2025-10-08 15:59:56,743 - INFO - Loading basemap: Esri Clarity (High-Res)
2025-10-08 15:59:56,745 - INFO - Basemap Esri Clarity (High-Res) loaded successfully
2025-10-08 15:59:58,149 - INFO - Loading basemap: Esri Clarity (High-Res)
2025-10-08 15:59:58,154 - INFO - Basemap Esri Clarity (High-Res) loaded successfully
2025-10-08 15:59:59,014 - INFO - Loading basemap: Esri Clarity (High-Res)
2025-10-08 15:59:59,022 - INFO - Basemap Esri Clarity (High-Res) loaded successfully
2025-10-08 15:59:59,711 - INFO - Loading basemap: Esri Clarity (High-Res)
2025-10-08 15:59:59,716 - INFO - Basemap Esri Clarity (High-Res) loaded successfully
2025-10-08 16:00:00,166 - INFO - Loading basemap: Esri Clarity (High-Res)
2025-10-08 16:00:00,175 - INFO - Basemap Esri Clarity (High-Res) loaded successfully
2025-10-08 16:00:02,639 - INFO - Loading basemap: Esri Clarity (High-Res)
2025-10-08 16:00:02,647 - INFO - Basemap Esri Clarity (High-Res) loaded successfully
2025-10-08 16:00:07,170 - INFO - Loading basemap: Esri Clarity (High-Res)
2025-10-08 16:00:07,172 - INFO - Basemap Esri Clarity (High-Res) loaded successfully
2025-10-08 16:00:07,770 - INFO - Loading basemap: Esri Clarity (High-Res)
2025-10-08 16:00:07,776 - INFO - Basemap Esri Clarity (High-Res) loaded successfully
2025-10-08 16:00:14,496 - INFO - Loading basemap: Esri Clarity (High-Res)
2025-10-08 16:00:14,503 - INFO - Basemap Esri Clarity (High-Res) loaded successfully
2025-10-08 16:00:16,174 - INFO - Loading basemap: Esri Clarity (High-Res)
2025-10-08 16:00:16,180 - INFO - Basemap Esri Clarity (High-Res) loaded successfully
2025-10-08 16:00:20,651 - INFO - Loading basemap: Esri Clarity (High-Res)
2025-10-08 16:00:20,656 - INFO - Basemap Esri Clarity (High-Res) loaded successfully
2025-10-08 16:00:20,905 - INFO - Loading basemap: Esri Clarity (High-Res)
2025-10-08 16:00:20,910 - INFO - Basemap Esri Clarity (High-Res) loaded successfully
2025-10-08 16:00:22,526 - INFO - Loading basemap: Esri Clarity (High-Res)
2025-10-08 16:00:22,533 - INFO - Basemap Esri Clarity (High-Res) loaded successfully
2025-10-08 16:00:23,465 - INFO - Loading basemap: Esri Clarity (High-Res)
2025-10-08 16:00:23,471 - INFO - Basemap Esri Clarity (High-Res) loaded successfully
2025-10-08 16:00:24,425 - INFO - Loading basemap: Esri Clarity (High-Res)
2025-10-08 16:00:24,431 - INFO - Basemap Esri Clarity (High-Res) loaded successfully
2025-10-08 16:00:25,125 - INFO - Loading basemap: Esri Clarity (High-Res)
2025-10-08 16:00:25,131 - INFO - Basemap Esri Clarity (High-Res) loaded successfully
2025-10-08 16:00:25,914 - INFO - Loading basemap: Esri Clarity (High-Res)
2025-10-08 16:00:25,919 - INFO - Basemap Esri Clarity (High-Res) loaded successfully
2025-10-08 16:00:30,161 - INFO - Loading basemap: Esri Clarity (High-Res)
2025-10-08 16:00:30,166 - INFO - Basemap Esri Clarity (High-Res) loaded successfully
2025-10-08 16:00:35,707 - INFO - Loading basemap: Esri Clarity (High-Res)
2025-10-08 16:00:35,713 - INFO - Basemap Esri Clarity (High-Res) loaded successfully
2025-10-08 16:00:39,727 - INFO - Loading basemap: Esri Clarity (High-Res)
2025-10-08 16:00:39,733 - INFO - Basemap Esri Clarity (High-Res) loaded successfully
2025-10-08 16:00:40,118 - INFO - Loading basemap: Esri Clarity (High-Res)
2025-10-08 16:00:40,122 - INFO - Basemap Esri Clarity (High-Res) loaded successfully
2025-10-08 16:00:41,499 - INFO - Loading basemap: Esri Clarity (High-Res)
2025-10-08 16:00:41,504 - INFO - Basemap Esri Clarity (High-Res) loaded successfully
2025-10-08 16:00:42,202 - INFO - Loading basemap: Esri Clarity (High-Res)
2025-10-08 16:00:42,208 - INFO - Basemap Esri Clarity (High-Res) loaded successfully
2025-10-08 16:00:42,818 - INFO - Loading basemap: Esri Clarity (High-Res)
2025-10-08 16:00:42,824 - INFO - Basemap Esri Clarity (High-Res) loaded successfully
2025-10-08 16:01:00,987 - INFO - Testing NAIP endpoint: https://naip.arcgis.com/arcgis/rest/services/NAIP/ImageServer?f=json
2025-10-08 16:01:01,670 - INFO - NAIP endpoint SUCCESS - Status: 200
2025-10-08 16:01:01,686 - INFO - Testing Esri World Imagery endpoint: https://server.arcgisonline.com/ArcGIS/rest/services/World_Imagery/MapServer?f=json
2025-10-08 16:01:01,984 - INFO - Esri World Imagery endpoint SUCCESS - Status: 200
2025-10-08 16:01:01,985 - INFO - Testing Google Satellite endpoint: https://mt1.google.com/vt/lyrs=s&x=0&y=0&z=0
2025-10-08 16:01:02,253 - INFO - Google Satellite endpoint SUCCESS - Status: 200
2025-10-08 16:01:02,254 - INFO - Testing Esri Clarity endpoint: https://clarity.maptiles.arcgis.com/arcgis/rest/services/World_Imagery/MapServer?f=json
2025-10-08 16:01:02,732 - INFO - Esri Clarity endpoint SUCCESS - Status: 200
2025-10-08 16:01:02,743 - INFO - Loading basemap: Esri World Imagery
2025-10-08 16:01:02,749 - INFO - Basemap Esri World Imagery loaded successfully
2025-10-08 16:01:04,614 - INFO - Loading basemap: Esri World Imagery
2025-10-08 16:01:04,620 - INFO - Basemap Esri World Imagery loaded successfully
2025-10-08 16:01:04,906 - INFO - Loading basemap: Esri World Imagery
2025-10-08 16:01:04,909 - INFO - Basemap Esri World Imagery loaded successfully
2025-10-08 16:01:20,384 - INFO - Loading basemap: Esri World Imagery
2025-10-08 16:01:20,389 - INFO - Basemap Esri World Imagery loaded successfully
2025-10-08 16:01:21,030 - INFO - Loading basemap: Esri World Imagery
2025-10-08 16:01:21,033 - INFO - Basemap Esri World Imagery loaded successfully
2025-10-08 16:01:21,892 - INFO - Loading basemap: Esri World Imagery
2025-10-08 16:01:21,899 - INFO - Basemap Esri World Imagery loaded successfully
2025-10-08 16:01:22,643 - INFO - Loading basemap: Esri World Imagery
2025-10-08 16:01:22,648 - INFO - Basemap Esri World Imagery loaded successfully
2025-10-08 16:01:23,364 - INFO - Loading basemap: Esri World Imagery
2025-10-08 16:01:23,370 - INFO - Basemap Esri World Imagery loaded successfully
2025-10-08 16:01:27,130 - INFO - Loading basemap: Esri World Imagery
2025-10-08 16:01:27,135 - INFO - Basemap Esri World Imagery loaded successfully
2025-10-08 16:01:29,093 - INFO - Loading basemap: Esri World Imagery
2025-10-08 16:01:29,096 - INFO - Basemap Esri World Imagery loaded successfully
2025-10-08 16:01:33,836 - INFO - Loading basemap: Esri World Imagery
2025-10-08 16:01:33,842 - INFO - Basemap Esri World Imagery loaded successfully
2025-10-08 16:01:34,813 - INFO - Loading basemap: Esri World Imagery
2025-10-08 16:01:34,816 - INFO - Basemap Esri World Imagery loaded successfully
2025-10-08 16:01:38,066 - INFO - Loading basemap: Esri World Imagery
2025-10-08 16:01:38,070 - INFO - Basemap Esri World Imagery loaded successfully
2025-10-08 16:01:39,516 - INFO - Loading basemap: Esri World Imagery
2025-10-08 16:01:39,521 - INFO - Basemap Esri World Imagery loaded successfully
2025-10-08 16:01:40,385 - INFO - Loading basemap: Esri World Imagery
2025-10-08 16:01:40,390 - INFO - Basemap Esri World Imagery loaded successfully
2025-10-08 16:01:41,143 - INFO - Loading basemap: Esri World Imagery
2025-10-08 16:01:41,217 - INFO - Basemap Esri World Imagery loaded successfully
2025-10-08 16:01:42,139 - INFO - Loading basemap: Esri World Imagery
2025-10-08 16:01:42,145 - INFO - Basemap Esri World Imagery loaded successfully
2025-10-08 16:01:44,892 - INFO - Loading basemap: Esri World Imagery
2025-10-08 16:01:44,895 - INFO - Basemap Esri World Imagery loaded successfully
2025-10-08 16:01:45,932 - INFO - Loading basemap: Esri World Imagery
2025-10-08 16:01:45,937 - INFO - Basemap Esri World Imagery loaded successfully
2025-10-08 16:02:05,733 - INFO - Testing NAIP endpoint: https://naip.arcgis.com/arcgis/rest/services/NAIP/ImageServer?f=json
2025-10-08 16:02:06,294 - INFO - NAIP endpoint SUCCESS - Status: 200
2025-10-08 16:02:06,297 - INFO - Testing Esri World Imagery endpoint: https://server.arcgisonline.com/ArcGIS/rest/services/World_Imagery/MapServer?f=json
2025-10-08 16:02:06,555 - INFO - Esri World Imagery endpoint SUCCESS - Status: 200
2025-10-08 16:02:06,556 - INFO - Testing Google Satellite endpoint: https://mt1.google.com/vt/lyrs=s&x=0&y=0&z=0
2025-10-08 16:02:06,865 - INFO - Google Satellite endpoint SUCCESS - Status: 200
2025-10-08 16:02:06,866 - INFO - Testing Esri Clarity endpoint: https://clarity.maptiles.arcgis.com/arcgis/rest/services/World_Imagery/MapServer?f=json
2025-10-08 16:02:07,507 - INFO - Esri Clarity endpoint SUCCESS - Status: 200
2025-10-08 16:02:07,515 - INFO - Loading basemap: Esri World Imagery
2025-10-08 16:02:07,517 - INFO - Basemap Esri World Imagery loaded successfully
2025-10-08 16:02:08,870 - INFO - Loading basemap: Esri World Imagery
2025-10-08 16:02:08,876 - INFO - Basemap Esri World Imagery loaded successfully
2025-10-08 16:02:09,078 - INFO - Loading basemap: Esri World Imagery
2025-10-08 16:02:09,084 - INFO - Basemap Esri World Imagery loaded successfully
2025-10-08 16:02:10,774 - INFO - Loading basemap: Esri World Imagery
2025-10-08 16:02:10,779 - INFO - Basemap Esri World Imagery loaded successfully
2025-10-08 16:02:14,375 - INFO - Loading basemap: Esri World Imagery
2025-10-08 16:02:14,378 - INFO - Basemap Esri World Imagery loaded successfully
2025-10-08 16:02:15,531 - INFO - Loading basemap: Esri World Imagery
2025-10-08 16:02:15,537 - INFO - Basemap Esri World Imagery loaded successfully
2025-10-08 16:02:16,906 - INFO - Loading basemap: Esri World Imagery
2025-10-08 16:02:16,912 - INFO - Basemap Esri World Imagery loaded successfully
2025-10-08 16:02:18,142 - INFO - Loading basemap: Esri World Imagery
2025-10-08 16:02:18,148 - INFO - Basemap Esri World Imagery loaded successfully
2025-10-08 16:02:18,858 - INFO - Loading basemap: Esri World Imagery
2025-10-08 16:02:18,863 - INFO - Basemap Esri World Imagery loaded successfully
2025-10-08 16:02:20,512 - INFO - Loading basemap: Esri World Imagery
2025-10-08 16:02:20,517 - INFO - Basemap Esri World Imagery loaded successfully
2025-10-08 16:02:26,231 - INFO - Loading basemap: Esri World Imagery
2025-10-08 16:02:26,236 - INFO - Basemap Esri World Imagery loaded successfully
2025-10-08 16:02:27,454 - INFO - Loading basemap: Esri World Imagery
2025-10-08 16:02:27,460 - INFO - Basemap Esri World Imagery loaded successfully
2025-10-08 16:02:29,066 - INFO - Loading basemap: Esri World Imagery
2025-10-08 16:02:29,076 - INFO - Basemap Esri World Imagery loaded successfully
2025-10-08 16:02:30,112 - INFO - Loading basemap: Esri World Imagery
2025-10-08 16:02:30,118 - INFO - Basemap Esri World Imagery loaded successfully
2025-10-08 16:02:31,189 - INFO - Loading basemap: Esri World Imagery
2025-10-08 16:02:31,210 - INFO - Basemap Esri World Imagery loaded successfully
2025-10-08 16:02:36,467 - INFO - Loading basemap: Esri World Imagery
2025-10-08 16:02:36,473 - INFO - Basemap Esri World Imagery loaded successfully
2025-10-08 16:02:38,142 - INFO - Loading basemap: Esri World Imagery
2025-10-08 16:02:38,147 - INFO - Basemap Esri World Imagery loaded successfully
2025-10-08 16:02:41,111 - INFO - Loading basemap: Esri World Imagery
2025-10-08 16:02:41,117 - INFO - Basemap Esri World Imagery loaded successfully
2025-10-08 16:02:42,050 - INFO - Loading basemap: Esri World Imagery
2025-10-08 16:02:42,072 - INFO - Basemap Esri World Imagery loaded successfully
2025-10-08 16:02:56,928 - INFO - Loading basemap: Esri World Imagery
2025-10-08 16:02:56,933 - INFO - Basemap Esri World Imagery loaded successfully
2025-10-08 16:02:58,099 - INFO - Loading basemap: Esri World Imagery
2025-10-08 16:02:58,105 - INFO - Basemap Esri World Imagery loaded successfully
2025-10-08 16:03:57,193 - INFO - Loading basemap: Esri World Imagery
2025-10-08 16:03:57,198 - INFO - Basemap Esri World Imagery loaded successfully
2025-10-08 16:03:57,881 - INFO - Loading basemap: Esri World Imagery
2025-10-08 16:03:57,903 - INFO - Basemap Esri World Imagery loaded successfully
2025-10-08 16:05:59,503 - INFO - Testing NAIP endpoint: https://naip.arcgis.com/arcgis/rest/services/NAIP/ImageServer?f=json
2025-10-08 16:06:00,071 - INFO - NAIP endpoint SUCCESS - Status: 200
2025-10-08 16:06:00,074 - INFO - Testing Esri World Imagery endpoint: https://server.arcgisonline.com/ArcGIS/rest/services/World_Imagery/MapServer?f=json
2025-10-08 16:06:00,417 - INFO - Esri World Imagery endpoint SUCCESS - Status: 200
2025-10-08 16:06:00,417 - INFO - Testing Google Satellite endpoint: https://mt1.google.com/vt/lyrs=s&x=0&y=0&z=0
2025-10-08 16:06:00,679 - INFO - Google Satellite endpoint SUCCESS - Status: 200
2025-10-08 16:06:00,680 - INFO - Testing Esri Clarity endpoint: https://clarity.maptiles.arcgis.com/arcgis/rest/services/World_Imagery/MapServer?f=json
2025-10-08 16:06:01,104 - INFO - Esri Clarity endpoint SUCCESS - Status: 200
2025-10-08 16:06:01,111 - INFO - Loading basemap: Esri World Imagery
2025-10-08 16:06:01,115 - INFO - Basemap Esri World Imagery loaded successfully
2025-10-08 16:06:02,536 - INFO - Loading basemap: Esri World Imagery
2025-10-08 16:06:02,541 - INFO - Basemap Esri World Imagery loaded successfully
2025-10-08 16:06:02,775 - INFO - Loading basemap: Esri World Imagery
2025-10-08 16:06:02,781 - INFO - Basemap Esri World Imagery loaded successfully
2025-10-08 16:06:13,556 - INFO - Loading basemap: Esri World Imagery
2025-10-08 16:06:13,561 - INFO - Basemap Esri World Imagery loaded successfully
2025-10-08 16:06:14,814 - INFO - Loading basemap: Esri World Imagery
2025-10-08 16:06:14,820 - INFO - Basemap Esri World Imagery loaded successfully
2025-10-08 16:06:15,857 - INFO - Loading basemap: Esri World Imagery
2025-10-08 16:06:15,862 - INFO - Basemap Esri World Imagery loaded successfully
2025-10-08 16:06:16,664 - INFO - Loading basemap: Esri World Imagery
2025-10-08 16:06:16,669 - INFO - Basemap Esri World Imagery loaded successfully
2025-10-08 16:06:17,746 - INFO - Loading basemap: Esri World Imagery
2025-10-08 16:06:17,751 - INFO - Basemap Esri World Imagery loaded successfully
2025-10-08 16:06:18,404 - INFO - Loading basemap: Esri World Imagery
2025-10-08 16:06:18,407 - INFO - Basemap Esri World Imagery loaded successfully
2025-10-08 16:06:23,817 - INFO - Loading basemap: Esri World Imagery
2025-10-08 16:06:23,823 - INFO - Basemap Esri World Imagery loaded successfully
2025-10-08 16:06:26,908 - INFO - Loading basemap: Esri World Imagery
2025-10-08 16:06:26,914 - INFO - Basemap Esri World Imagery loaded successfully
2025-10-08 16:06:35,997 - INFO - Loading basemap: Esri World Imagery
2025-10-08 16:06:36,003 - INFO - Basemap Esri World Imagery loaded successfully
2025-10-08 16:06:36,341 - INFO - Loading basemap: Esri World Imagery
2025-10-08 16:06:36,345 - INFO - Basemap Esri World Imagery loaded successfully
2025-10-08 16:06:39,415 - INFO - Loading basemap: Esri World Imagery
2025-10-08 16:06:39,420 - INFO - Basemap Esri World Imagery loaded successfully
2025-10-08 16:06:40,185 - INFO - Loading basemap: Esri World Imagery
2025-10-08 16:06:40,191 - INFO - Basemap Esri World Imagery loaded successfully
2025-10-08 16:06:41,037 - INFO - Loading basemap: Esri World Imagery
2025-10-08 16:06:41,042 - INFO - Basemap Esri World Imagery loaded successfully
2025-10-08 16:06:48,686 - INFO - Loading basemap: Esri World Imagery
2025-10-08 16:06:48,689 - INFO - Basemap Esri World Imagery loaded successfully
2025-10-08 16:06:52,190 - INFO - Loading basemap: Esri World Imagery
2025-10-08 16:06:52,196 - INFO - Basemap Esri World Imagery loaded successfully
2025-10-08 16:06:54,765 - INFO - Loading basemap: Esri World Imagery
2025-10-08 16:06:54,770 - INFO - Basemap Esri World Imagery loaded successfully
2025-10-08 16:06:56,539 - INFO - Loading basemap: Esri World Imagery
2025-10-08 16:06:56,545 - INFO - Basemap Esri World Imagery loaded successfully
2025-10-08 16:07:02,405 - INFO - Loading basemap: Esri World Imagery
2025-10-08 16:07:02,409 - INFO - Basemap Esri World Imagery loaded successfully
2025-10-08 16:07:02,568 - INFO - Loading basemap: Esri World Imagery
2025-10-08 16:07:02,577 - INFO - Basemap Esri World Imagery loaded successfully
2025-10-08 16:07:05,845 - INFO - Loading basemap: Esri World Imagery
2025-10-08 16:07:05,851 - INFO - Basemap Esri World Imagery loaded successfully
2025-10-08 16:07:06,004 - INFO - Loading basemap: Esri World Imagery
2025-10-08 16:07:06,009 - INFO - Basemap Esri World Imagery loaded successfully
2025-10-08 16:07:11,236 - INFO - Loading basemap: Esri World Imagery
2025-10-08 16:07:11,241 - INFO - Basemap Esri World Imagery loaded successfully
2025-10-08 16:07:11,661 - INFO - Loading basemap: Esri World Imagery
2025-10-08 16:07:11,665 - INFO - Basemap Esri World Imagery loaded successfully
2025-10-08 16:07:12,331 - INFO - Loading basemap: Esri World Imagery
2025-10-08 16:07:12,341 - INFO - Basemap Esri World Imagery loaded successfully
2025-10-08 16:07:13,477 - INFO - Loading basemap: Esri World Imagery
2025-10-08 16:07:13,482 - INFO - Basemap Esri World Imagery loaded successfully
2025-10-08 16:07:40,340 - INFO - Loading basemap: Esri World Imagery
2025-10-08 16:07:40,343 - INFO - Basemap Esri World Imagery loaded successfully
2025-10-08 16:07:42,278 - INFO - Loading basemap: Esri World Imagery
2025-10-08 16:07:42,282 - INFO - Basemap Esri World Imagery loaded successfully
2025-10-08 16:07:43,339 - INFO - Loading basemap: Esri World Imagery
2025-10-08 16:07:43,348 - INFO - Basemap Esri World Imagery loaded successfully
2025-10-08 16:07:44,719 - INFO - Loading basemap: Esri World Imagery
2025-10-08 16:07:44,725 - INFO - Basemap Esri World Imagery loaded successfully
2025-10-08 16:07:45,810 - INFO - Loading basemap: Esri World Imagery
2025-10-08 16:07:45,815 - INFO - Basemap Esri World Imagery loaded successfully
2025-10-08 16:08:18,814 - INFO - Testing NAIP endpoint: https://naip.arcgis.com/arcgis/rest/services/NAIP/ImageServer?f=json
2025-10-08 16:08:19,415 - INFO - NAIP endpoint SUCCESS - Status: 200
2025-10-08 16:08:19,416 - INFO - Testing Esri World Imagery endpoint: https://server.arcgisonline.com/ArcGIS/rest/services/World_Imagery/MapServer?f=json
2025-10-08 16:08:19,797 - INFO - Esri World Imagery endpoint SUCCESS - Status: 200
2025-10-08 16:08:19,797 - INFO - Testing Google Satellite endpoint: https://mt1.google.com/vt/lyrs=s&x=0&y=0&z=0
2025-10-08 16:08:20,074 - INFO - Google Satellite endpoint SUCCESS - Status: 200
2025-10-08 16:08:20,075 - INFO - Testing Esri Clarity endpoint: https://clarity.maptiles.arcgis.com/arcgis/rest/services/World_Imagery/MapServer?f=json
2025-10-08 16:08:20,630 - INFO - Esri Clarity endpoint SUCCESS - Status: 200
2025-10-08 16:08:20,635 - INFO - Loading basemap: Esri World Imagery
2025-10-08 16:08:20,638 - INFO - Basemap Esri World Imagery loaded successfully
2025-10-08 16:08:21,966 - INFO - Loading basemap: Esri World Imagery
2025-10-08 16:08:21,969 - INFO - Basemap Esri World Imagery loaded successfully
2025-10-08 16:08:22,209 - INFO - Loading basemap: Esri World Imagery
2025-10-08 16:08:22,215 - INFO - Basemap Esri World Imagery loaded successfully
2025-10-08 16:08:31,583 - INFO - Loading basemap: Esri World Imagery
2025-10-08 16:08:31,588 - INFO - Basemap Esri World Imagery loaded successfully
2025-10-08 16:08:32,027 - INFO - Loading basemap: Esri World Imagery
2025-10-08 16:08:32,030 - INFO - Basemap Esri World Imagery loaded successfully
2025-10-08 16:08:33,013 - INFO - Loading basemap: Esri World Imagery
2025-10-08 16:08:33,019 - INFO - Basemap Esri World Imagery loaded successfully
2025-10-08 16:08:36,723 - INFO - Loading basemap: Esri World Imagery
2025-10-08 16:08:36,729 - INFO - Basemap Esri World Imagery loaded successfully
2025-10-08 16:08:38,593 - INFO - Loading basemap: Esri World Imagery
2025-10-08 16:08:38,598 - INFO - Basemap Esri World Imagery loaded successfully
2025-10-08 16:08:49,476 - INFO - Loading basemap: Esri World Imagery
2025-10-08 16:08:49,482 - INFO - Basemap Esri World Imagery loaded successfully
2025-10-08 16:08:49,814 - INFO - Loading basemap: Esri World Imagery
2025-10-08 16:08:49,819 - INFO - Basemap Esri World Imagery loaded successfully
2025-10-08 16:08:53,982 - INFO - Loading basemap: Esri World Imagery
2025-10-08 16:08:53,988 - INFO - Basemap Esri World Imagery loaded successfully
2025-10-08 16:08:54,989 - INFO - Loading basemap: Esri World Imagery
2025-10-08 16:08:54,995 - INFO - Basemap Esri World Imagery loaded successfully
2025-10-08 16:08:55,632 - INFO - Loading basemap: Esri World Imagery
2025-10-08 16:08:55,638 - INFO - Basemap Esri World Imagery loaded successfully
2025-10-08 16:08:56,354 - INFO - Loading basemap: Esri World Imagery
2025-10-08 16:08:56,360 - INFO - Basemap Esri World Imagery loaded successfully
2025-10-08 16:09:09,643 - INFO - Testing NAIP endpoint: https://naip.arcgis.com/arcgis/rest/services/NAIP/ImageServer?f=json
2025-10-08 16:09:10,089 - INFO - NAIP endpoint SUCCESS - Status: 200
2025-10-08 16:09:10,091 - INFO - Testing Esri World Imagery endpoint: https://server.arcgisonline.com/ArcGIS/rest/services/World_Imagery/MapServer?f=json
2025-10-08 16:09:10,483 - INFO - Esri World Imagery endpoint SUCCESS - Status: 200
2025-10-08 16:09:10,484 - INFO - Testing Google Satellite endpoint: https://mt1.google.com/vt/lyrs=s&x=0&y=0&z=0
2025-10-08 16:09:10,662 - INFO - Google Satellite endpoint SUCCESS - Status: 200
2025-10-08 16:09:10,664 - INFO - Testing Esri Clarity endpoint: https://clarity.maptiles.arcgis.com/arcgis/rest/services/World_Imagery/MapServer?f=json
2025-10-08 16:09:10,952 - INFO - Esri Clarity endpoint SUCCESS - Status: 200
2025-10-08 16:09:10,959 - INFO - Loading basemap: Esri World Imagery
2025-10-08 16:09:10,962 - INFO - Basemap Esri World Imagery loaded successfully
2025-10-08 16:09:12,293 - INFO - Loading basemap: Esri World Imagery
2025-10-08 16:09:12,297 - INFO - Basemap Esri World Imagery loaded successfully
2025-10-08 16:09:12,512 - INFO - Loading basemap: Esri World Imagery
2025-10-08 16:09:12,517 - INFO - Basemap Esri World Imagery loaded successfully
2025-10-08 16:09:16,434 - INFO - Loading basemap: Esri World Imagery
2025-10-08 16:09:16,440 - INFO - Basemap Esri World Imagery loaded successfully
2025-10-08 16:09:20,769 - INFO - Loading basemap: Esri World Imagery
2025-10-08 16:09:20,775 - INFO - Basemap Esri World Imagery loaded successfully
2025-10-08 16:09:22,638 - INFO - Loading basemap: Esri World Imagery
2025-10-08 16:09:22,648 - INFO - Basemap Esri World Imagery loaded successfully
2025-10-08 16:09:24,363 - INFO - Loading basemap: Esri World Imagery
2025-10-08 16:09:24,369 - INFO - Basemap Esri World Imagery loaded successfully
2025-10-08 16:09:27,607 - INFO - Loading basemap: Esri World Imagery
2025-10-08 16:09:27,613 - INFO - Basemap Esri World Imagery loaded successfully
2025-10-08 16:09:31,813 - INFO - Loading basemap: Esri World Imagery
2025-10-08 16:09:31,819 - INFO - Basemap Esri World Imagery loaded successfully
2025-10-08 16:09:32,676 - INFO - Loading basemap: Esri World Imagery
2025-10-08 16:09:32,679 - INFO - Basemap Esri World Imagery loaded successfully
2025-10-08 16:09:37,049 - INFO - Loading basemap: Esri World Imagery
2025-10-08 16:09:37,054 - INFO - Basemap Esri World Imagery loaded successfully
2025-10-08 16:09:37,879 - INFO - Loading basemap: Esri World Imagery
2025-10-08 16:09:37,885 - INFO - Basemap Esri World Imagery loaded successfully
2025-10-08 16:09:38,645 - INFO - Loading basemap: Esri World Imagery
2025-10-08 16:09:38,648 - INFO - Basemap Esri World Imagery loaded successfully
2025-10-08 16:09:40,107 - INFO - Loading basemap: Esri World Imagery
2025-10-08 16:09:40,113 - INFO - Basemap Esri World Imagery loaded successfully
2025-10-08 16:10:05,118 - INFO - Testing NAIP endpoint: https://naip.arcgis.com/arcgis/rest/services/NAIP/ImageServer?f=json
2025-10-08 16:10:05,663 - INFO - NAIP endpoint SUCCESS - Status: 200
2025-10-08 16:10:05,665 - INFO - Testing Esri World Imagery endpoint: https://server.arcgisonline.com/ArcGIS/rest/services/World_Imagery/MapServer?f=json
2025-10-08 16:10:05,916 - INFO - Esri World Imagery endpoint SUCCESS - Status: 200
2025-10-08 16:10:05,916 - INFO - Testing Google Satellite endpoint: https://mt1.google.com/vt/lyrs=s&x=0&y=0&z=0
2025-10-08 16:10:06,100 - INFO - Google Satellite endpoint SUCCESS - Status: 200
2025-10-08 16:10:06,101 - INFO - Testing Esri Clarity endpoint: https://clarity.maptiles.arcgis.com/arcgis/rest/services/World_Imagery/MapServer?f=json
2025-10-08 16:10:06,790 - INFO - Esri Clarity endpoint SUCCESS - Status: 200
2025-10-08 16:10:06,796 - INFO - Loading basemap: Esri World Imagery
2025-10-08 16:10:06,798 - INFO - Basemap Esri World Imagery loaded successfully
2025-10-08 16:10:08,271 - INFO - Loading basemap: Esri World Imagery
2025-10-08 16:10:08,277 - INFO - Basemap Esri World Imagery loaded successfully
2025-10-08 16:10:08,661 - INFO - Loading basemap: Esri World Imagery
2025-10-08 16:10:08,665 - INFO - Basemap Esri World Imagery loaded successfully
2025-10-08 16:11:02,784 - INFO - Loading basemap: Esri World Imagery
2025-10-08 16:11:02,792 - INFO - Basemap Esri World Imagery loaded successfully
2025-10-08 16:11:03,408 - INFO - Loading basemap: Esri World Imagery
2025-10-08 16:11:03,414 - INFO - Basemap Esri World Imagery loaded successfully
2025-10-08 16:11:03,881 - INFO - Loading basemap: Esri World Imagery
2025-10-08 16:11:03,887 - INFO - Basemap Esri World Imagery loaded successfully
2025-10-08 16:11:04,604 - INFO - Loading basemap: Esri World Imagery
2025-10-08 16:11:04,609 - INFO - Basemap Esri World Imagery loaded successfully
2025-10-08 16:11:05,524 - INFO - Loading basemap: Esri World Imagery
2025-10-08 16:11:05,530 - INFO - Basemap Esri World Imagery loaded successfully
2025-10-08 16:11:06,081 - INFO - Loading basemap: Esri World Imagery
2025-10-08 16:11:06,086 - INFO - Basemap Esri World Imagery loaded successfully
2025-10-08 16:11:07,233 - INFO - Loading basemap: Esri World Imagery
2025-10-08 16:11:07,238 - INFO - Basemap Esri World Imagery loaded successfully
2025-10-08 16:11:08,031 - INFO - Loading basemap: Esri World Imagery
2025-10-08 16:11:08,036 - INFO - Basemap Esri World Imagery loaded successfully
2025-10-08 16:11:11,387 - INFO - Loading basemap: Esri World Imagery
2025-10-08 16:11:11,390 - INFO - Basemap Esri World Imagery loaded successfully
2025-10-08 16:11:13,852 - INFO - Loading basemap: Esri World Imagery
2025-10-08 16:11:13,857 - INFO - Basemap Esri World Imagery loaded successfully
2025-10-08 16:11:43,256 - INFO - Testing NAIP endpoint: https://naip.arcgis.com/arcgis/rest/services/NAIP/ImageServer?f=json
2025-10-08 16:11:43,872 - INFO - NAIP endpoint SUCCESS - Status: 200
2025-10-08 16:11:43,873 - INFO - Testing Esri World Imagery endpoint: https://server.arcgisonline.com/ArcGIS/rest/services/World_Imagery/MapServer?f=json
2025-10-08 16:11:44,292 - INFO - Esri World Imagery endpoint SUCCESS - Status: 200
2025-10-08 16:11:44,293 - INFO - Testing Google Satellite endpoint: https://mt1.google.com/vt/lyrs=s&x=0&y=0&z=0
2025-10-08 16:11:44,470 - INFO - Google Satellite endpoint SUCCESS - Status: 200
2025-10-08 16:11:44,470 - INFO - Testing Esri Clarity endpoint: https://clarity.maptiles.arcgis.com/arcgis/rest/services/World_Imagery/MapServer?f=json
2025-10-08 16:11:45,174 - INFO - Esri Clarity endpoint SUCCESS - Status: 200
2025-10-08 16:11:45,180 - INFO - Loading basemap: Esri World Imagery
2025-10-08 16:11:45,184 - INFO - Basemap Esri World Imagery loaded successfully
2025-10-08 16:11:46,522 - INFO - Loading basemap: Esri World Imagery
2025-10-08 16:11:46,525 - INFO - Basemap Esri World Imagery loaded successfully
2025-10-08 16:11:46,761 - INFO - Loading basemap: Esri World Imagery
2025-10-08 16:11:46,767 - INFO - Basemap Esri World Imagery loaded successfully
2025-10-08 16:11:51,151 - INFO - Loading basemap: Esri World Imagery
2025-10-08 16:11:51,157 - INFO - Basemap Esri World Imagery loaded successfully
2025-10-08 16:11:51,822 - INFO - Loading basemap: Esri World Imagery
2025-10-08 16:11:51,824 - INFO - Basemap Esri World Imagery loaded successfully
2025-10-08 16:11:53,661 - INFO - Loading basemap: Esri World Imagery
2025-10-08 16:11:53,666 - INFO - Basemap Esri World Imagery loaded successfully
2025-10-08 16:11:54,259 - INFO - Loading basemap: Esri World Imagery
2025-10-08 16:11:54,264 - INFO - Basemap Esri World Imagery loaded successfully
2025-10-08 16:11:58,900 - INFO - Testing NAIP endpoint: https://naip.arcgis.com/arcgis/rest/services/NAIP/ImageServer?f=json
2025-10-08 16:11:59,340 - INFO - NAIP endpoint SUCCESS - Status: 200
2025-10-08 16:11:59,342 - INFO - Testing Esri World Imagery endpoint: https://server.arcgisonline.com/ArcGIS/rest/services/World_Imagery/MapServer?f=json
2025-10-08 16:11:59,648 - INFO - Esri World Imagery endpoint SUCCESS - Status: 200
2025-10-08 16:11:59,649 - INFO - Testing Google Satellite endpoint: https://mt1.google.com/vt/lyrs=s&x=0&y=0&z=0
2025-10-08 16:11:59,862 - INFO - Google Satellite endpoint SUCCESS - Status: 200
2025-10-08 16:11:59,862 - INFO - Testing Esri Clarity endpoint: https://clarity.maptiles.arcgis.com/arcgis/rest/services/World_Imagery/MapServer?f=json
2025-10-08 16:12:00,188 - INFO - Esri Clarity endpoint SUCCESS - Status: 200
2025-10-08 16:12:00,194 - INFO - Loading basemap: Esri World Imagery
2025-10-08 16:12:00,197 - INFO - Basemap Esri World Imagery loaded successfully
2025-10-08 16:12:01,526 - INFO - Loading basemap: Esri World Imagery
2025-10-08 16:12:01,530 - INFO - Basemap Esri World Imagery loaded successfully
2025-10-08 16:12:01,754 - INFO - Loading basemap: Esri World Imagery
2025-10-08 16:12:01,759 - INFO - Basemap Esri World Imagery loaded successfully
2025-10-08 16:12:06,526 - INFO - Loading basemap: Esri World Imagery
2025-10-08 16:12:06,532 - INFO - Basemap Esri World Imagery loaded successfully
2025-10-08 16:12:09,328 - INFO - Loading basemap: Esri World Imagery
2025-10-08 16:12:09,332 - INFO - Basemap Esri World Imagery loaded successfully
2025-10-08 16:12:14,004 - INFO - Loading basemap: Esri World Imagery
2025-10-08 16:12:14,010 - INFO - Basemap Esri World Imagery loaded successfully
2025-10-08 16:12:16,946 - INFO - Loading basemap: Esri World Imagery
2025-10-08 16:12:16,951 - INFO - Basemap Esri World Imagery loaded successfully
2025-10-08 16:12:18,754 - INFO - Loading basemap: Esri World Imagery
2025-10-08 16:12:18,760 - INFO - Basemap Esri World Imagery loaded successfully
2025-10-08 16:12:31,681 - INFO - Testing NAIP endpoint: https://naip.arcgis.com/arcgis/rest/services/NAIP/ImageServer?f=json
2025-10-08 16:12:32,146 - INFO - NAIP endpoint SUCCESS - Status: 200
2025-10-08 16:12:32,147 - INFO - Testing Esri World Imagery endpoint: https://server.arcgisonline.com/ArcGIS/rest/services/World_Imagery/MapServer?f=json
2025-10-08 16:12:32,456 - INFO - Esri World Imagery endpoint SUCCESS - Status: 200
2025-10-08 16:12:32,457 - INFO - Testing Google Satellite endpoint: https://mt1.google.com/vt/lyrs=s&x=0&y=0&z=0
2025-10-08 16:12:32,632 - INFO - Google Satellite endpoint SUCCESS - Status: 200
2025-10-08 16:12:32,633 - INFO - Testing Esri Clarity endpoint: https://clarity.maptiles.arcgis.com/arcgis/rest/services/World_Imagery/MapServer?f=json
2025-10-08 16:12:32,923 - INFO - Esri Clarity endpoint SUCCESS - Status: 200
2025-10-08 16:12:32,929 - INFO - Loading basemap: Esri World Imagery
2025-10-08 16:12:32,932 - INFO - Basemap Esri World Imagery loaded successfully
2025-10-08 16:12:34,245 - INFO - Loading basemap: Esri World Imagery
2025-10-08 16:12:34,250 - INFO - Basemap Esri World Imagery loaded successfully
2025-10-08 16:12:34,496 - INFO - Loading basemap: Esri World Imagery
2025-10-08 16:12:34,502 - INFO - Basemap Esri World Imagery loaded successfully
2025-10-08 16:12:39,367 - INFO - Loading basemap: Esri World Imagery
2025-10-08 16:12:39,376 - INFO - Basemap Esri World Imagery loaded successfully
2025-10-08 16:12:40,714 - INFO - Loading basemap: Esri World Imagery
2025-10-08 16:12:40,718 - INFO - Basemap Esri World Imagery loaded successfully
2025-10-08 16:12:43,283 - INFO - Loading basemap: Esri World Imagery
2025-10-08 16:12:43,290 - INFO - Basemap Esri World Imagery loaded successfully
2025-10-08 16:12:45,895 - INFO - Loading basemap: Esri World Imagery
2025-10-08 16:12:45,900 - INFO - Basemap Esri World Imagery loaded successfully
2025-10-08 16:12:46,281 - INFO - Loading basemap: Esri World Imagery
2025-10-08 16:12:46,284 - INFO - Basemap Esri World Imagery loaded successfully
2025-10-08 16:12:48,086 - INFO - Loading basemap: Esri World Imagery
2025-10-08 16:12:48,091 - INFO - Basemap Esri World Imagery loaded successfully
2025-10-08 16:13:21,105 - INFO - Testing NAIP endpoint: https://naip.arcgis.com/arcgis/rest/services/NAIP/ImageServer?f=json
2025-10-08 16:13:21,724 - INFO - NAIP endpoint SUCCESS - Status: 200
2025-10-08 16:13:21,768 - INFO - Testing Esri World Imagery endpoint: https://server.arcgisonline.com/ArcGIS/rest/services/World_Imagery/MapServer?f=json
2025-10-08 16:13:22,142 - INFO - Esri World Imagery endpoint SUCCESS - Status: 200
2025-10-08 16:13:22,143 - INFO - Testing Google Satellite endpoint: https://mt1.google.com/vt/lyrs=s&x=0&y=0&z=0
2025-10-08 16:13:22,360 - INFO - Google Satellite endpoint SUCCESS - Status: 200
2025-10-08 16:13:22,360 - INFO - Testing Esri Clarity endpoint: https://clarity.maptiles.arcgis.com/arcgis/rest/services/World_Imagery/MapServer?f=json
2025-10-08 16:13:22,857 - INFO - Esri Clarity endpoint SUCCESS - Status: 200
2025-10-08 16:13:22,863 - INFO - Loading basemap: Esri World Imagery
2025-10-08 16:13:22,866 - INFO - Basemap Esri World Imagery loaded successfully
2025-10-08 16:13:24,249 - INFO - Loading basemap: Esri World Imagery
2025-10-08 16:13:24,251 - INFO - Basemap Esri World Imagery loaded successfully
2025-10-08 16:13:24,467 - INFO - Loading basemap: Esri World Imagery
2025-10-08 16:13:24,475 - INFO - Basemap Esri World Imagery loaded successfully
2025-10-08 16:13:29,042 - INFO - Loading basemap: Esri World Imagery
2025-10-08 16:13:29,047 - INFO - Basemap Esri World Imagery loaded successfully
2025-10-08 16:13:56,793 - INFO - Testing NAIP endpoint: https://naip.arcgis.com/arcgis/rest/services/NAIP/ImageServer?f=json
2025-10-08 16:13:57,247 - INFO - NAIP endpoint SUCCESS - Status: 200
2025-10-08 16:13:57,249 - INFO - Testing Esri World Imagery endpoint: https://server.arcgisonline.com/ArcGIS/rest/services/World_Imagery/MapServer?f=json
2025-10-08 16:13:57,629 - INFO - Esri World Imagery endpoint SUCCESS - Status: 200
2025-10-08 16:13:57,630 - INFO - Testing Google Satellite endpoint: https://mt1.google.com/vt/lyrs=s&x=0&y=0&z=0
2025-10-08 16:13:57,828 - INFO - Google Satellite endpoint SUCCESS - Status: 200
2025-10-08 16:13:57,829 - INFO - Testing Esri Clarity endpoint: https://clarity.maptiles.arcgis.com/arcgis/rest/services/World_Imagery/MapServer?f=json
2025-10-08 16:13:58,261 - INFO - Esri Clarity endpoint SUCCESS - Status: 200
2025-10-08 16:13:58,268 - INFO - Loading basemap: Esri World Imagery
2025-10-08 16:13:58,272 - INFO - Basemap Esri World Imagery loaded successfully
2025-10-08 16:13:59,606 - INFO - Loading basemap: Esri World Imagery
2025-10-08 16:13:59,608 - INFO - Basemap Esri World Imagery loaded successfully
2025-10-08 16:13:59,827 - INFO - Loading basemap: Esri World Imagery
2025-10-08 16:13:59,834 - INFO - Basemap Esri World Imagery loaded successfully
2025-10-08 16:14:04,126 - INFO - Loading basemap: Esri World Imagery
2025-10-08 16:14:04,132 - INFO - Basemap Esri World Imagery loaded successfully
2025-10-08 16:14:05,572 - INFO - Loading basemap: Esri World Imagery
2025-10-08 16:14:05,578 - INFO - Basemap Esri World Imagery loaded successfully
2025-10-08 16:14:08,109 - INFO - Loading basemap: Esri World Imagery
2025-10-08 16:14:08,114 - INFO - Basemap Esri World Imagery loaded successfully
2025-10-08 16:14:09,488 - INFO - Loading basemap: Esri World Imagery
2025-10-08 16:14:09,494 - INFO - Basemap Esri World Imagery loaded successfully
2025-10-08 16:14:10,918 - INFO - Loading basemap: Esri World Imagery
2025-10-08 16:14:10,923 - INFO - Basemap Esri World Imagery loaded successfully
2025-10-08 16:14:12,887 - INFO - Loading basemap: Esri World Imagery
2025-10-08 16:14:12,892 - INFO - Basemap Esri World Imagery loaded successfully
2025-10-08 16:14:14,228 - INFO - Loading basemap: Esri World Imagery
2025-10-08 16:14:14,231 - INFO - Basemap Esri World Imagery loaded successfully
